<?xml version="1.0" encoding="UTF-8"?>
<testng-results ignored="0" total="1" passed="1" failed="0" skipped="0">
  <reporter-output>
  </reporter-output>
  <suite started-at="2021-11-24T16:46:03 IST" name="Default suite" finished-at="2021-11-24T16:46:06 IST" duration-ms="3687">
    <groups>
    </groups>
    <test started-at="2021-11-24T16:46:03 IST" name="Default test" finished-at="2021-11-24T16:46:06 IST" duration-ms="3687">
      <class name="RestAssured.Patch">
        <test-method signature="Patch_Test()[pri:0, instance:RestAssured.Patch@140c9f39]" started-at="2021-11-24T16:46:03 IST" name="Patch_Test" finished-at="2021-11-24T16:46:06 IST" duration-ms="3596" status="PASS">
          <reporter-output>
          </reporter-output>
        </test-method> <!-- Patch_Test -->
      </class> <!-- RestAssured.Patch -->
    </test> <!-- Default test -->
  </suite> <!-- Default suite -->
</testng-results>
